2019-09-25 19:15:25  开始执行币币交易测试集
2019-09-25 19:15:25  开始执行BBJY_001泳道
2019-09-25 19:15:27  开始执行【BBJY_001】-【test_3】-1案例
2019-09-25 19:15:28  点击元素【密码登录按钮】成功
2019-09-25 19:15:28  填写元素【账号文本框-100@q.com】成功
2019-09-25 19:15:29  填写元素【密码文本框-qqqqqqqq】成功
2019-09-25 19:15:29  点击元素【登录按钮】成功
2019-09-25 19:15:48  获取【滑块验证码】的定位信息失败
2019-09-25 19:15:48  截图成功
2019-09-25 19:15:49  执行案例【BBJY_001】-【test_3】-1失败
2019-09-25 19:15:49  结束执行【BBJY_001】-【test_3】-1案例
2019-09-25 19:15:49  开始执行BBJY_002泳道
2019-09-25 19:15:49  开始执行【BBJY_002】-【test_3】-1案例
2019-09-25 19:15:50  点击元素【密码登录按钮】成功
2019-09-25 19:15:51  填写元素【账号文本框-100@q.com】成功
2019-09-25 19:15:51  填写元素【密码文本框-qqqqqqqq】成功
2019-09-25 19:15:51  点击元素【登录按钮】成功
2019-09-25 19:16:24  截图成功
2019-09-25 19:16:24  结束执行【BBJY_002】-【test_3】-1案例
2019-09-25 19:16:24  开始执行【BBJY_002】-【BBJY_2】-1案例
2019-09-25 19:16:26  点击元素【限价委托按钮】成功
2019-09-25 19:16:26  填写元素【价格文本框-1】成功
2019-09-25 19:16:27  填写元素【数量文本框-99】成功
2019-09-25 19:16:27  点击元素【买入按钮】成功
2019-09-25 19:16:27  获取文本【买入数量小于最小交易量提示元素】内容成功---不能低于最小交易量100QB
2019-09-25 19:16:27  不能低于最小交易量100QB提示语正确
2019-09-25 19:16:28  截图成功
2019-09-25 19:16:28  结束执行【BBJY_002】-【BBJY_2】-1案例
